{"/home/inno/Desktop/carbooking/carBooking/carBooking/backendServer/index.js": {"path":"/home/inno/Desktop/carbooking/carBooking/carBooking/backendServer/index.js","statementMap":{"0":{"start":{"line":10,"column":0},"end":{"line":10,"column":15}},"1":{"start":{"line":11,"column":0},"end":{"line":11,"column":11}},"2":{"start":{"line":15,"column":12},"end":{"line":15,"column":21}},"3":{"start":{"line":16,"column":14},"end":{"line":16,"column":38}},"4":{"start":{"line":17,"column":20},"end":{"line":21,"column":1}},"5":{"start":{"line":24,"column":0},"end":{"line":24,"column":23}},"6":{"start":{"line":25,"column":0},"end":{"line":25,"column":26}},"7":{"start":{"line":26,"column":0},"end":{"line":26,"column":33}},"8":{"start":{"line":27,"column":0},"end":{"line":27,"column":23}},"9":{"start":{"line":28,"column":0},"end":{"line":28,"column":35}},"10":{"start":{"line":29,"column":0},"end":{"line":29,"column":37}},"11":{"start":{"line":33,"column":0},"end":{"line":36,"column":2}},"12":{"start":{"line":34,"column":4},"end":{"line":34,"column":50}}},"fnMap":{"0":{"name":"(anonymous_0)","decl":{"start":{"line":33,"column":16},"end":{"line":33,"column":17}},"loc":{"start":{"line":33,"column":20},"end":{"line":36,"column":1}},"line":33}},"branchMap":{"0":{"loc":{"start":{"line":16,"column":14},"end":{"line":16,"column":38}},"type":"binary-expr","locations":[{"start":{"line":16,"column":14},"end":{"line":16,"column":30}},{"start":{"line":16,"column":34},"end":{"line":16,"column":38}}],"line":16}},"s":{"0":1,"1":1,"2":1,"3":1,"4":1,"5":1,"6":1,"7":1,"8":1,"9":1,"10":1,"11":1,"12":1},"f":{"0":1},"b":{"0":[1,0]},"_coverageSchema":"1a1c01bbd47fc00a2c39e90264f33305004495a9","hash":"2b16f5ea9ac4cf5172cf1ffc90bbee8a9fab8d53"}
,"/home/inno/Desktop/carbooking/carBooking/carBooking/backendServer/controllers/adminHandle.js": {"path":"/home/inno/Desktop/carbooking/carBooking/carBooking/backendServer/controllers/adminHandle.js","statementMap":{"0":{"start":{"line":11,"column":2},"end":{"line":28,"column":3}},"1":{"start":{"line":12,"column":22},"end":{"line":12,"column":30}},"2":{"start":{"line":13,"column":4},"end":{"line":13,"column":53}},"3":{"start":{"line":13,"column":16},"end":{"line":13,"column":53}},"4":{"start":{"line":15,"column":25},"end":{"line":15,"column":44}},"5":{"start":{"line":17,"column":25},"end":{"line":17,"column":71}},"6":{"start":{"line":18,"column":4},"end":{"line":18,"column":61}},"7":{"start":{"line":18,"column":22},"end":{"line":18,"column":61}},"8":{"start":{"line":20,"column":19},"end":{"line":20,"column":48}},"9":{"start":{"line":21,"column":20},"end":{"line":21,"column":40}},"10":{"start":{"line":23,"column":4},"end":{"line":25,"column":80}},"11":{"start":{"line":27,"column":4},"end":{"line":27,"column":76}},"12":{"start":{"line":31,"column":2},"end":{"line":74,"column":3}},"13":{"start":{"line":32,"column":29},"end":{"line":32,"column":37}},"14":{"start":{"line":34,"column":4},"end":{"line":34,"column":29}},"15":{"start":{"line":36,"column":4},"end":{"line":36,"column":53}},"16":{"start":{"line":36,"column":16},"end":{"line":36,"column":53}},"17":{"start":{"line":37,"column":4},"end":{"line":37,"column":53}},"18":{"start":{"line":37,"column":16},"end":{"line":37,"column":53}},"19":{"start":{"line":39,"column":27},"end":{"line":39,"column":46}},"20":{"start":{"line":41,"column":4},"end":{"line":41,"column":42}},"21":{"start":{"line":42,"column":25},"end":{"line":44,"column":6}},"22":{"start":{"line":47,"column":4},"end":{"line":47,"column":77}},"23":{"start":{"line":47,"column":22},"end":{"line":47,"column":77}},"24":{"start":{"line":48,"column":19},"end":{"line":48,"column":55}},"25":{"start":{"line":51,"column":20},"end":{"line":67,"column":6}},"26":{"start":{"line":69,"column":4},"end":{"line":71,"column":80}},"27":{"start":{"line":73,"column":4},"end":{"line":73,"column":76}},"28":{"start":{"line":77,"column":2},"end":{"line":119,"column":3}},"29":{"start":{"line":78,"column":53},"end":{"line":78,"column":61}},"30":{"start":{"line":79,"column":19},"end":{"line":79,"column":38}},"31":{"start":{"line":81,"column":21},"end":{"line":81,"column":53}},"32":{"start":{"line":83,"column":4},"end":{"line":83,"column":72}},"33":{"start":{"line":83,"column":18},"end":{"line":83,"column":72}},"34":{"start":{"line":84,"column":4},"end":{"line":84,"column":57}},"35":{"start":{"line":84,"column":16},"end":{"line":84,"column":57}},"36":{"start":{"line":85,"column":4},"end":{"line":85,"column":57}},"37":{"start":{"line":85,"column":16},"end":{"line":85,"column":57}},"38":{"start":{"line":86,"column":4},"end":{"line":86,"column":69}},"39":{"start":{"line":86,"column":22},"end":{"line":86,"column":69}},"40":{"start":{"line":87,"column":4},"end":{"line":87,"column":62}},"41":{"start":{"line":87,"column":20},"end":{"line":87,"column":62}},"42":{"start":{"line":89,"column":31},"end":{"line":89,"column":54}},"43":{"start":{"line":90,"column":23},"end":{"line":90,"column":55}},"44":{"start":{"line":93,"column":16},"end":{"line":99,"column":6}},"45":{"start":{"line":101,"column":4},"end":{"line":101,"column":62}},"46":{"start":{"line":101,"column":14},"end":{"line":101,"column":62}},"47":{"start":{"line":102,"column":24},"end":{"line":102,"column":42}},"48":{"start":{"line":103,"column":4},"end":{"line":107,"column":7}},"49":{"start":{"line":109,"column":4},"end":{"line":117,"column":6}},"50":{"start":{"line":111,"column":8},"end":{"line":115,"column":9}},"51":{"start":{"line":112,"column":10},"end":{"line":112,"column":66}},"52":{"start":{"line":114,"column":10},"end":{"line":114,"column":74}},"53":{"start":{"line":118,"column":4},"end":{"line":118,"column":76}},"54":{"start":{"line":123,"column":2},"end":{"line":155,"column":3}},"55":{"start":{"line":124,"column":22},"end":{"line":124,"column":30}},"56":{"start":{"line":125,"column":19},"end":{"line":125,"column":29}},"57":{"start":{"line":127,"column":4},"end":{"line":127,"column":26}},"58":{"start":{"line":130,"column":4},"end":{"line":130,"column":51}},"59":{"start":{"line":130,"column":15},"end":{"line":130,"column":51}},"60":{"start":{"line":132,"column":26},"end":{"line":132,"column":55}},"61":{"start":{"line":133,"column":8},"end":{"line":133,"column":58}},"62":{"start":{"line":133,"column":24},"end":{"line":133,"column":58}},"63":{"start":{"line":135,"column":25},"end":{"line":135,"column":78}},"64":{"start":{"line":136,"column":4},"end":{"line":136,"column":61}},"65":{"start":{"line":136,"column":22},"end":{"line":136,"column":61}},"66":{"start":{"line":138,"column":25},"end":{"line":138,"column":77}},"67":{"start":{"line":140,"column":20},"end":{"line":140,"column":40}},"68":{"start":{"line":142,"column":4},"end":{"line":148,"column":9}},"69":{"start":{"line":150,"column":4},"end":{"line":150,"column":31}},"70":{"start":{"line":152,"column":4},"end":{"line":154,"column":63}},"71":{"start":{"line":159,"column":2},"end":{"line":210,"column":3}},"72":{"start":{"line":160,"column":22},"end":{"line":160,"column":30}},"73":{"start":{"line":161,"column":19},"end":{"line":161,"column":29}},"74":{"start":{"line":162,"column":22},"end":{"line":162,"column":30}},"75":{"start":{"line":164,"column":4},"end":{"line":164,"column":51}},"76":{"start":{"line":164,"column":15},"end":{"line":164,"column":51}},"77":{"start":{"line":165,"column":6},"end":{"line":165,"column":53}},"78":{"start":{"line":165,"column":17},"end":{"line":165,"column":53}},"79":{"start":{"line":167,"column":26},"end":{"line":167,"column":50}},"80":{"start":{"line":169,"column":8},"end":{"line":169,"column":57}},"81":{"start":{"line":169,"column":23},"end":{"line":169,"column":57}},"82":{"start":{"line":171,"column":25},"end":{"line":171,"column":84}},"83":{"start":{"line":172,"column":4},"end":{"line":172,"column":61}},"84":{"start":{"line":172,"column":22},"end":{"line":172,"column":61}},"85":{"start":{"line":176,"column":4},"end":{"line":182,"column":5}},"86":{"start":{"line":177,"column":6},"end":{"line":177,"column":33}},"87":{"start":{"line":178,"column":10},"end":{"line":182,"column":5}},"88":{"start":{"line":179,"column":6},"end":{"line":179,"column":27}},"89":{"start":{"line":180,"column":10},"end":{"line":182,"column":5}},"90":{"start":{"line":181,"column":6},"end":{"line":181,"column":27}},"91":{"start":{"line":185,"column":25},"end":{"line":185,"column":79}},"92":{"start":{"line":187,"column":20},"end":{"line":203,"column":6}},"93":{"start":{"line":205,"column":4},"end":{"line":207,"column":82}},"94":{"start":{"line":209,"column":4},"end":{"line":209,"column":79}},"95":{"start":{"line":214,"column":2},"end":{"line":319,"column":3}},"96":{"start":{"line":215,"column":15},"end":{"line":215,"column":28}},"97":{"start":{"line":216,"column":65},"end":{"line":216,"column":73}},"98":{"start":{"line":218,"column":4},"end":{"line":218,"column":53}},"99":{"start":{"line":218,"column":16},"end":{"line":218,"column":53}},"100":{"start":{"line":219,"column":4},"end":{"line":219,"column":51}},"101":{"start":{"line":219,"column":15},"end":{"line":219,"column":51}},"102":{"start":{"line":220,"column":4},"end":{"line":220,"column":62}},"103":{"start":{"line":220,"column":17},"end":{"line":220,"column":62}},"104":{"start":{"line":221,"column":4},"end":{"line":221,"column":58}},"105":{"start":{"line":221,"column":18},"end":{"line":221,"column":58}},"106":{"start":{"line":222,"column":20},"end":{"line":222,"column":42}},"107":{"start":{"line":223,"column":4},"end":{"line":223,"column":59}},"108":{"start":{"line":224,"column":4},"end":{"line":224,"column":55}},"109":{"start":{"line":225,"column":4},"end":{"line":225,"column":26}},"110":{"start":{"line":227,"column":4},"end":{"line":227,"column":25}},"111":{"start":{"line":229,"column":24},"end":{"line":237,"column":6}},"112":{"start":{"line":239,"column":4},"end":{"line":239,"column":79}},"113":{"start":{"line":239,"column":22},"end":{"line":239,"column":79}},"114":{"start":{"line":241,"column":20},"end":{"line":265,"column":6}},"115":{"start":{"line":266,"column":20},"end":{"line":307,"column":6}},"116":{"start":{"line":309,"column":23},"end":{"line":309,"column":56}},"117":{"start":{"line":310,"column":4},"end":{"line":310,"column":41}},"118":{"start":{"line":311,"column":4},"end":{"line":311,"column":22}},"119":{"start":{"line":312,"column":4},"end":{"line":316,"column":7}},"120":{"start":{"line":318,"column":4},"end":{"line":318,"column":76}},"121":{"start":{"line":323,"column":2},"end":{"line":370,"column":3}},"122":{"start":{"line":324,"column":15},"end":{"line":324,"column":28}},"123":{"start":{"line":325,"column":20},"end":{"line":325,"column":42}},"124":{"start":{"line":327,"column":4},"end":{"line":327,"column":76}},"125":{"start":{"line":327,"column":18},"end":{"line":327,"column":76}},"126":{"start":{"line":329,"column":4},"end":{"line":337,"column":6}},"127":{"start":{"line":331,"column":8},"end":{"line":335,"column":9}},"128":{"start":{"line":332,"column":10},"end":{"line":332,"column":46}},"129":{"start":{"line":334,"column":10},"end":{"line":334,"column":74}},"130":{"start":{"line":339,"column":4},"end":{"line":339,"column":36}},"131":{"start":{"line":340,"column":20},"end":{"line":363,"column":6}},"132":{"start":{"line":365,"column":4},"end":{"line":367,"column":80}},"133":{"start":{"line":369,"column":4},"end":{"line":369,"column":76}},"134":{"start":{"line":374,"column":2},"end":{"line":381,"column":3}},"135":{"start":{"line":375,"column":19},"end":{"line":375,"column":39}},"136":{"start":{"line":376,"column":4},"end":{"line":378,"column":73}},"137":{"start":{"line":380,"column":4},"end":{"line":380,"column":76}},"138":{"start":{"line":384,"column":20},"end":{"line":384,"column":29}},"139":{"start":{"line":386,"column":2},"end":{"line":439,"column":3}},"140":{"start":{"line":387,"column":17},"end":{"line":387,"column":21}},"141":{"start":{"line":389,"column":4},"end":{"line":432,"column":5}},"142":{"start":{"line":390,"column":6},"end":{"line":390,"column":43}},"143":{"start":{"line":392,"column":6},"end":{"line":413,"column":9}},"144":{"start":{"line":415,"column":6},"end":{"line":431,"column":9}},"145":{"start":{"line":434,"column":4},"end":{"line":436,"column":73}},"146":{"start":{"line":438,"column":4},"end":{"line":438,"column":76}},"147":{"start":{"line":442,"column":2},"end":{"line":576,"column":3}},"148":{"start":{"line":443,"column":29},"end":{"line":443,"column":38}},"149":{"start":{"line":445,"column":17},"end":{"line":445,"column":19}},"150":{"start":{"line":447,"column":4},"end":{"line":571,"column":5}},"151":{"start":{"line":448,"column":6},"end":{"line":479,"column":9}},"152":{"start":{"line":480,"column":11},"end":{"line":571,"column":5}},"153":{"start":{"line":481,"column":6},"end":{"line":509,"column":9}},"154":{"start":{"line":510,"column":11},"end":{"line":571,"column":5}},"155":{"start":{"line":511,"column":6},"end":{"line":545,"column":9}},"156":{"start":{"line":547,"column":6},"end":{"line":570,"column":9}},"157":{"start":{"line":573,"column":4},"end":{"line":573,"column":67}},"158":{"start":{"line":575,"column":4},"end":{"line":575,"column":76}},"159":{"start":{"line":579,"column":2},"end":{"line":586,"column":3}},"160":{"start":{"line":580,"column":21},"end":{"line":580,"column":75}},"161":{"start":{"line":581,"column":4},"end":{"line":583,"column":77}},"162":{"start":{"line":585,"column":4},"end":{"line":585,"column":76}},"163":{"start":{"line":590,"column":2},"end":{"line":599,"column":3}},"164":{"start":{"line":591,"column":15},"end":{"line":591,"column":28}},"165":{"start":{"line":592,"column":17},"end":{"line":592,"column":74}},"166":{"start":{"line":593,"column":4},"end":{"line":595,"column":5}},"167":{"start":{"line":594,"column":6},"end":{"line":594,"column":40}},"168":{"start":{"line":596,"column":4},"end":{"line":596,"column":73}},"169":{"start":{"line":598,"column":4},"end":{"line":598,"column":76}},"170":{"start":{"line":603,"column":2},"end":{"line":618,"column":3}},"171":{"start":{"line":604,"column":15},"end":{"line":604,"column":28}},"172":{"start":{"line":605,"column":22},"end":{"line":605,"column":55}},"173":{"start":{"line":607,"column":4},"end":{"line":607,"column":78}},"174":{"start":{"line":607,"column":20},"end":{"line":607,"column":78}},"175":{"start":{"line":609,"column":20},"end":{"line":609,"column":40}},"176":{"start":{"line":611,"column":4},"end":{"line":615,"column":7}},"177":{"start":{"line":617,"column":4},"end":{"line":617,"column":76}},"178":{"start":{"line":622,"column":2},"end":{"line":637,"column":3}},"179":{"start":{"line":623,"column":15},"end":{"line":623,"column":28}},"180":{"start":{"line":624,"column":22},"end":{"line":624,"column":55}},"181":{"start":{"line":626,"column":4},"end":{"line":626,"column":78}},"182":{"start":{"line":626,"column":20},"end":{"line":626,"column":78}},"183":{"start":{"line":628,"column":20},"end":{"line":628,"column":40}},"184":{"start":{"line":630,"column":4},"end":{"line":634,"column":7}},"185":{"start":{"line":636,"column":4},"end":{"line":636,"column":76}},"186":{"start":{"line":641,"column":2},"end":{"line":698,"column":3}},"187":{"start":{"line":642,"column":15},"end":{"line":642,"column":28}},"188":{"start":{"line":643,"column":20},"end":{"line":643,"column":51}},"189":{"start":{"line":645,"column":4},"end":{"line":645,"column":76}},"190":{"start":{"line":645,"column":18},"end":{"line":645,"column":76}},"191":{"start":{"line":647,"column":20},"end":{"line":691,"column":6}},"192":{"start":{"line":693,"column":4},"end":{"line":695,"column":81}},"193":{"start":{"line":697,"column":4},"end":{"line":697,"column":76}},"194":{"start":{"line":702,"column":2},"end":{"line":711,"column":3}},"195":{"start":{"line":703,"column":15},"end":{"line":703,"column":28}},"196":{"start":{"line":704,"column":16},"end":{"line":704,"column":38}},"197":{"start":{"line":705,"column":4},"end":{"line":707,"column":5}},"198":{"start":{"line":706,"column":6},"end":{"line":706,"column":39}},"199":{"start":{"line":708,"column":4},"end":{"line":708,"column":72}},"200":{"start":{"line":710,"column":4},"end":{"line":710,"column":76}},"201":{"start":{"line":715,"column":2},"end":{"line":768,"column":3}},"202":{"start":{"line":716,"column":16},"end":{"line":760,"column":6}},"203":{"start":{"line":762,"column":4},"end":{"line":764,"column":5}},"204":{"start":{"line":763,"column":6},"end":{"line":763,"column":40}},"205":{"start":{"line":765,"column":4},"end":{"line":765,"column":72}},"206":{"start":{"line":767,"column":4},"end":{"line":767,"column":76}}},"fnMap":{"0":{"name":"addBrandHandler","decl":{"start":{"line":10,"column":15},"end":{"line":10,"column":30}},"loc":{"start":{"line":10,"column":41},"end":{"line":29,"column":1}},"line":10},"1":{"name":"addModelhandler","decl":{"start":{"line":30,"column":15},"end":{"line":30,"column":30}},"loc":{"start":{"line":30,"column":41},"end":{"line":75,"column":1}},"line":30},"2":{"name":"addCarHandler","decl":{"start":{"line":76,"column":15},"end":{"line":76,"column":28}},"loc":{"start":{"line":76,"column":39},"end":{"line":120,"column":1}},"line":76},"3":{"name":"(anonymous_3)","decl":{"start":{"line":110,"column":30},"end":{"line":110,"column":31}},"loc":{"start":{"line":110,"column":46},"end":{"line":116,"column":7}},"line":110},"4":{"name":"updateBrandHandler","decl":{"start":{"line":122,"column":15},"end":{"line":122,"column":33}},"loc":{"start":{"line":122,"column":44},"end":{"line":156,"column":1}},"line":122},"5":{"name":"updateModelHandler","decl":{"start":{"line":158,"column":15},"end":{"line":158,"column":33}},"loc":{"start":{"line":158,"column":44},"end":{"line":211,"column":1}},"line":158},"6":{"name":"updateBookingCarHandler","decl":{"start":{"line":213,"column":15},"end":{"line":213,"column":38}},"loc":{"start":{"line":213,"column":49},"end":{"line":320,"column":1}},"line":213},"7":{"name":"deleteCarHandler","decl":{"start":{"line":322,"column":15},"end":{"line":322,"column":31}},"loc":{"start":{"line":322,"column":42},"end":{"line":371,"column":1}},"line":322},"8":{"name":"(anonymous_8)","decl":{"start":{"line":330,"column":28},"end":{"line":330,"column":29}},"loc":{"start":{"line":330,"column":44},"end":{"line":336,"column":7}},"line":330},"9":{"name":"getAllBrands","decl":{"start":{"line":373,"column":15},"end":{"line":373,"column":27}},"loc":{"start":{"line":373,"column":38},"end":{"line":382,"column":1}},"line":373},"10":{"name":"getAllModels","decl":{"start":{"line":383,"column":15},"end":{"line":383,"column":27}},"loc":{"start":{"line":383,"column":38},"end":{"line":440,"column":1}},"line":383},"11":{"name":"getuplodedCars","decl":{"start":{"line":441,"column":15},"end":{"line":441,"column":29}},"loc":{"start":{"line":441,"column":40},"end":{"line":577,"column":1}},"line":441},"12":{"name":"fetchAllUsers","decl":{"start":{"line":578,"column":15},"end":{"line":578,"column":28}},"loc":{"start":{"line":578,"column":39},"end":{"line":587,"column":1}},"line":578},"13":{"name":"fetchSingleUser","decl":{"start":{"line":589,"column":15},"end":{"line":589,"column":30}},"loc":{"start":{"line":589,"column":41},"end":{"line":600,"column":1}},"line":589},"14":{"name":"deleteModelHandler","decl":{"start":{"line":602,"column":15},"end":{"line":602,"column":33}},"loc":{"start":{"line":602,"column":44},"end":{"line":619,"column":1}},"line":602},"15":{"name":"deleteBrandHandler","decl":{"start":{"line":621,"column":15},"end":{"line":621,"column":33}},"loc":{"start":{"line":621,"column":44},"end":{"line":638,"column":1}},"line":621},"16":{"name":"deleteMsgsHandler","decl":{"start":{"line":640,"column":15},"end":{"line":640,"column":32}},"loc":{"start":{"line":640,"column":43},"end":{"line":699,"column":1}},"line":640},"17":{"name":"getSingleCars","decl":{"start":{"line":701,"column":15},"end":{"line":701,"column":28}},"loc":{"start":{"line":701,"column":39},"end":{"line":712,"column":1}},"line":701},"18":{"name":"getMsgs","decl":{"start":{"line":714,"column":15},"end":{"line":714,"column":22}},"loc":{"start":{"line":714,"column":33},"end":{"line":769,"column":1}},"line":714}},"branchMap":{"0":{"loc":{"start":{"line":13,"column":4},"end":{"line":13,"column":53}},"type":"if","locations":[{"start":{"line":13,"column":4},"end":{"line":13,"column":53}},{"start":{},"end":{}}],"line":13},"1":{"loc":{"start":{"line":18,"column":4},"end":{"line":18,"column":61}},"type":"if","locations":[{"start":{"line":18,"column":4},"end":{"line":18,"column":61}},{"start":{},"end":{}}],"line":18},"2":{"loc":{"start":{"line":36,"column":4},"end":{"line":36,"column":53}},"type":"if","locations":[{"start":{"line":36,"column":4},"end":{"line":36,"column":53}},{"start":{},"end":{}}],"line":36},"3":{"loc":{"start":{"line":37,"column":4},"end":{"line":37,"column":53}},"type":"if","locations":[{"start":{"line":37,"column":4},"end":{"line":37,"column":53}},{"start":{},"end":{}}],"line":37},"4":{"loc":{"start":{"line":47,"column":4},"end":{"line":47,"column":77}},"type":"if","locations":[{"start":{"line":47,"column":4},"end":{"line":47,"column":77}},{"start":{},"end":{}}],"line":47},"5":{"loc":{"start":{"line":83,"column":4},"end":{"line":83,"column":72}},"type":"if","locations":[{"start":{"line":83,"column":4},"end":{"line":83,"column":72}},{"start":{},"end":{}}],"line":83},"6":{"loc":{"start":{"line":84,"column":4},"end":{"line":84,"column":57}},"type":"if","locations":[{"start":{"line":84,"column":4},"end":{"line":84,"column":57}},{"start":{},"end":{}}],"line":84},"7":{"loc":{"start":{"line":85,"column":4},"end":{"line":85,"column":57}},"type":"if","locations":[{"start":{"line":85,"column":4},"end":{"line":85,"column":57}},{"start":{},"end":{}}],"line":85},"8":{"loc":{"start":{"line":86,"column":4},"end":{"line":86,"column":69}},"type":"if","locations":[{"start":{"line":86,"column":4},"end":{"line":86,"column":69}},{"start":{},"end":{}}],"line":86},"9":{"loc":{"start":{"line":87,"column":4},"end":{"line":87,"column":62}},"type":"if","locations":[{"start":{"line":87,"column":4},"end":{"line":87,"column":62}},{"start":{},"end":{}}],"line":87},"10":{"loc":{"start":{"line":98,"column":14},"end":{"line":98,"column":48}},"type":"cond-expr","locations":[{"start":{"line":98,"column":27},"end":{"line":98,"column":43}},{"start":{"line":98,"column":46},"end":{"line":98,"column":48}}],"line":98},"11":{"loc":{"start":{"line":101,"column":4},"end":{"line":101,"column":62}},"type":"if","locations":[{"start":{"line":101,"column":4},"end":{"line":101,"column":62}},{"start":{},"end":{}}],"line":101},"12":{"loc":{"start":{"line":130,"column":4},"end":{"line":130,"column":51}},"type":"if","locations":[{"start":{"line":130,"column":4},"end":{"line":130,"column":51}},{"start":{},"end":{}}],"line":130},"13":{"loc":{"start":{"line":133,"column":8},"end":{"line":133,"column":58}},"type":"if","locations":[{"start":{"line":133,"column":8},"end":{"line":133,"column":58}},{"start":{},"end":{}}],"line":133},"14":{"loc":{"start":{"line":136,"column":4},"end":{"line":136,"column":61}},"type":"if","locations":[{"start":{"line":136,"column":4},"end":{"line":136,"column":61}},{"start":{},"end":{}}],"line":136},"15":{"loc":{"start":{"line":164,"column":4},"end":{"line":164,"column":51}},"type":"if","locations":[{"start":{"line":164,"column":4},"end":{"line":164,"column":51}},{"start":{},"end":{}}],"line":164},"16":{"loc":{"start":{"line":165,"column":6},"end":{"line":165,"column":53}},"type":"if","locations":[{"start":{"line":165,"column":6},"end":{"line":165,"column":53}},{"start":{},"end":{}}],"line":165},"17":{"loc":{"start":{"line":169,"column":8},"end":{"line":169,"column":57}},"type":"if","locations":[{"start":{"line":169,"column":8},"end":{"line":169,"column":57}},{"start":{},"end":{}}],"line":169},"18":{"loc":{"start":{"line":172,"column":4},"end":{"line":172,"column":61}},"type":"if","locations":[{"start":{"line":172,"column":4},"end":{"line":172,"column":61}},{"start":{},"end":{}}],"line":172},"19":{"loc":{"start":{"line":176,"column":4},"end":{"line":182,"column":5}},"type":"if","locations":[{"start":{"line":176,"column":4},"end":{"line":182,"column":5}},{"start":{"line":178,"column":10},"end":{"line":182,"column":5}}],"line":176},"20":{"loc":{"start":{"line":176,"column":8},"end":{"line":176,"column":20}},"type":"binary-expr","locations":[{"start":{"line":176,"column":8},"end":{"line":176,"column":13}},{"start":{"line":176,"column":15},"end":{"line":176,"column":20}}],"line":176},"21":{"loc":{"start":{"line":178,"column":10},"end":{"line":182,"column":5}},"type":"if","locations":[{"start":{"line":178,"column":10},"end":{"line":182,"column":5}},{"start":{"line":180,"column":10},"end":{"line":182,"column":5}}],"line":178},"22":{"loc":{"start":{"line":180,"column":10},"end":{"line":182,"column":5}},"type":"if","locations":[{"start":{"line":180,"column":10},"end":{"line":182,"column":5}},{"start":{},"end":{}}],"line":180},"23":{"loc":{"start":{"line":218,"column":4},"end":{"line":218,"column":53}},"type":"if","locations":[{"start":{"line":218,"column":4},"end":{"line":218,"column":53}},{"start":{},"end":{}}],"line":218},"24":{"loc":{"start":{"line":219,"column":4},"end":{"line":219,"column":51}},"type":"if","locations":[{"start":{"line":219,"column":4},"end":{"line":219,"column":51}},{"start":{},"end":{}}],"line":219},"25":{"loc":{"start":{"line":220,"column":4},"end":{"line":220,"column":62}},"type":"if","locations":[{"start":{"line":220,"column":4},"end":{"line":220,"column":62}},{"start":{},"end":{}}],"line":220},"26":{"loc":{"start":{"line":221,"column":4},"end":{"line":221,"column":58}},"type":"if","locations":[{"start":{"line":221,"column":4},"end":{"line":221,"column":58}},{"start":{},"end":{}}],"line":221},"27":{"loc":{"start":{"line":239,"column":4},"end":{"line":239,"column":79}},"type":"if","locations":[{"start":{"line":239,"column":4},"end":{"line":239,"column":79}},{"start":{},"end":{}}],"line":239},"28":{"loc":{"start":{"line":327,"column":4},"end":{"line":327,"column":76}},"type":"if","locations":[{"start":{"line":327,"column":4},"end":{"line":327,"column":76}},{"start":{},"end":{}}],"line":327},"29":{"loc":{"start":{"line":389,"column":4},"end":{"line":432,"column":5}},"type":"if","locations":[{"start":{"line":389,"column":4},"end":{"line":432,"column":5}},{"start":{"line":414,"column":11},"end":{"line":432,"column":5}}],"line":389},"30":{"loc":{"start":{"line":447,"column":4},"end":{"line":571,"column":5}},"type":"if","locations":[{"start":{"line":447,"column":4},"end":{"line":571,"column":5}},{"start":{"line":480,"column":11},"end":{"line":571,"column":5}}],"line":447},"31":{"loc":{"start":{"line":447,"column":8},"end":{"line":447,"column":22}},"type":"binary-expr","locations":[{"start":{"line":447,"column":8},"end":{"line":447,"column":13}},{"start":{"line":447,"column":17},"end":{"line":447,"column":22}}],"line":447},"32":{"loc":{"start":{"line":480,"column":11},"end":{"line":571,"column":5}},"type":"if","locations":[{"start":{"line":480,"column":11},"end":{"line":571,"column":5}},{"start":{"line":510,"column":11},"end":{"line":571,"column":5}}],"line":480},"33":{"loc":{"start":{"line":510,"column":11},"end":{"line":571,"column":5}},"type":"if","locations":[{"start":{"line":510,"column":11},"end":{"line":571,"column":5}},{"start":{"line":546,"column":11},"end":{"line":571,"column":5}}],"line":510},"34":{"loc":{"start":{"line":593,"column":4},"end":{"line":595,"column":5}},"type":"if","locations":[{"start":{"line":593,"column":4},"end":{"line":595,"column":5}},{"start":{},"end":{}}],"line":593},"35":{"loc":{"start":{"line":607,"column":4},"end":{"line":607,"column":78}},"type":"if","locations":[{"start":{"line":607,"column":4},"end":{"line":607,"column":78}},{"start":{},"end":{}}],"line":607},"36":{"loc":{"start":{"line":626,"column":4},"end":{"line":626,"column":78}},"type":"if","locations":[{"start":{"line":626,"column":4},"end":{"line":626,"column":78}},{"start":{},"end":{}}],"line":626},"37":{"loc":{"start":{"line":645,"column":4},"end":{"line":645,"column":76}},"type":"if","locations":[{"start":{"line":645,"column":4},"end":{"line":645,"column":76}},{"start":{},"end":{}}],"line":645},"38":{"loc":{"start":{"line":705,"column":4},"end":{"line":707,"column":5}},"type":"if","locations":[{"start":{"line":705,"column":4},"end":{"line":707,"column":5}},{"start":{},"end":{}}],"line":705},"39":{"loc":{"start":{"line":762,"column":4},"end":{"line":764,"column":5}},"type":"if","locations":[{"start":{"line":762,"column":4},"end":{"line":764,"column":5}},{"start":{},"end":{}}],"line":762}},"s":{"0":4,"1":4,"2":4,"3":2,"4":2,"5":2,"6":2,"7":1,"8":1,"9":1,"10":1,"11":3,"12":5,"13":5,"14":5,"15":5,"16":1,"17":4,"18":2,"19":2,"20":2,"21":2,"22":2,"23":1,"24":1,"25":1,"26":1,"27":4,"28":0,"29":0,"30":0,"31":0,"32":0,"33":0,"34":0,"35":0,"36":0,"37":0,"38":0,"39":0,"40":0,"41":0,"42":0,"43":0,"44":0,"45":0,"46":0,"47":0,"48":0,"49":0,"50":0,"51":0,"52":0,"53":0,"54":4,"55":4,"56":4,"57":4,"58":4,"59":1,"60":3,"61":3,"62":1,"63":2,"64":2,"65":1,"66":1,"67":1,"68":1,"69":3,"70":3,"71":5,"72":5,"73":5,"74":5,"75":5,"76":1,"77":4,"78":1,"79":3,"80":3,"81":1,"82":2,"83":2,"84":1,"85":1,"86":1,"87":0,"88":0,"89":0,"90":0,"91":1,"92":1,"93":1,"94":4,"95":0,"96":0,"97":0,"98":0,"99":0,"100":0,"101":0,"102":0,"103":0,"104":0,"105":0,"106":0,"107":0,"108":0,"109":0,"110":0,"111":0,"112":0,"113":0,"114":0,"115":0,"116":0,"117":0,"118":0,"119":0,"120":0,"121":0,"122":0,"123":0,"124":0,"125":0,"126":0,"127":0,"128":0,"129":0,"130":0,"131":0,"132":0,"133":0,"134":1,"135":1,"136":1,"137":0,"138":1,"139":1,"140":1,"141":1,"142":0,"143":0,"144":1,"145":1,"146":0,"147":1,"148":1,"149":1,"150":1,"151":0,"152":1,"153":0,"154":1,"155":0,"156":1,"157":1,"158":0,"159":0,"160":0,"161":0,"162":0,"163":0,"164":0,"165":0,"166":0,"167":0,"168":0,"169":0,"170":2,"171":2,"172":2,"173":2,"174":1,"175":1,"176":1,"177":1,"178":2,"179":2,"180":2,"181":2,"182":1,"183":1,"184":1,"185":1,"186":0,"187":0,"188":0,"189":0,"190":0,"191":0,"192":0,"193":0,"194":1,"195":1,"196":1,"197":1,"198":1,"199":0,"200":1,"201":1,"202":1,"203":1,"204":0,"205":1,"206":0},"f":{"0":4,"1":5,"2":0,"3":0,"4":4,"5":5,"6":0,"7":0,"8":0,"9":1,"10":1,"11":1,"12":0,"13":0,"14":2,"15":2,"16":0,"17":1,"18":1},"b":{"0":[2,2],"1":[1,1],"2":[1,4],"3":[2,2],"4":[1,1],"5":[0,0],"6":[0,0],"7":[0,0],"8":[0,0],"9":[0,0],"10":[0,0],"11":[0,0],"12":[1,3],"13":[1,2],"14":[1,1],"15":[1,4],"16":[1,3],"17":[1,2],"18":[1,1],"19":[1,0],"20":[1,1],"21":[0,0],"22":[0,0],"23":[0,0],"24":[0,0],"25":[0,0],"26":[0,0],"27":[0,0],"28":[0,0],"29":[0,1],"30":[0,1],"31":[1,0],"32":[0,1],"33":[0,1],"34":[0,0],"35":[1,1],"36":[1,1],"37":[0,0],"38":[1,0],"39":[0,1]},"_coverageSchema":"1a1c01bbd47fc00a2c39e90264f33305004495a9","hash":"cef8dc52b269c4f7c19e435b4aa749a111850468"}
,"/home/inno/Desktop/carbooking/carBooking/carBooking/backendServer/controllers/userhandlers.js": {"path":"/home/inno/Desktop/carbooking/carBooking/carBooking/backendServer/controllers/userhandlers.js","statementMap":{"0":{"start":{"line":6,"column":43},"end":{"line":22,"column":1}},"1":{"start":{"line":7,"column":2},"end":{"line":21,"column":3}},"2":{"start":{"line":8,"column":17},"end":{"line":8,"column":44}},"3":{"start":{"line":10,"column":24},"end":{"line":10,"column":56}},"4":{"start":{"line":11,"column":25},"end":{"line":11,"column":58}},"5":{"start":{"line":13,"column":4},"end":{"line":13,"column":37}},"6":{"start":{"line":15,"column":23},"end":{"line":15,"column":40}},"7":{"start":{"line":17,"column":19},"end":{"line":17,"column":33}},"8":{"start":{"line":18,"column":4},"end":{"line":18,"column":49}},"9":{"start":{"line":20,"column":4},"end":{"line":20,"column":35}},"10":{"start":{"line":25,"column":2},"end":{"line":57,"column":3}},"11":{"start":{"line":26,"column":50},"end":{"line":26,"column":58}},"12":{"start":{"line":28,"column":27},"end":{"line":28,"column":70}},"13":{"start":{"line":30,"column":4},"end":{"line":34,"column":7}},"14":{"start":{"line":31,"column":6},"end":{"line":33,"column":7}},"15":{"start":{"line":32,"column":8},"end":{"line":32,"column":54}},"16":{"start":{"line":36,"column":22},"end":{"line":36,"column":74}},"17":{"start":{"line":38,"column":4},"end":{"line":41,"column":5}},"18":{"start":{"line":39,"column":16},"end":{"line":39,"column":94}},"19":{"start":{"line":40,"column":6},"end":{"line":40,"column":27}},"20":{"start":{"line":43,"column":17},"end":{"line":48,"column":6}},"21":{"start":{"line":50,"column":20},"end":{"line":52,"column":5}},"22":{"start":{"line":54,"column":4},"end":{"line":54,"column":87}},"23":{"start":{"line":56,"column":4},"end":{"line":56,"column":76}},"24":{"start":{"line":62,"column":2},"end":{"line":122,"column":3}},"25":{"start":{"line":63,"column":31},"end":{"line":63,"column":60}},"26":{"start":{"line":64,"column":4},"end":{"line":76,"column":5}},"27":{"start":{"line":65,"column":24},"end":{"line":68,"column":7}},"28":{"start":{"line":69,"column":18},"end":{"line":69,"column":30}},"29":{"start":{"line":70,"column":29},"end":{"line":70,"column":91}},"30":{"start":{"line":72,"column":6},"end":{"line":75,"column":7}},"31":{"start":{"line":74,"column":8},"end":{"line":74,"column":111}},"32":{"start":{"line":78,"column":32},"end":{"line":78,"column":40}},"33":{"start":{"line":81,"column":4},"end":{"line":83,"column":5}},"34":{"start":{"line":82,"column":6},"end":{"line":82,"column":65}},"35":{"start":{"line":85,"column":22},"end":{"line":85,"column":58}},"36":{"start":{"line":87,"column":4},"end":{"line":89,"column":5}},"37":{"start":{"line":88,"column":6},"end":{"line":88,"column":67}},"38":{"start":{"line":91,"column":4},"end":{"line":93,"column":5}},"39":{"start":{"line":92,"column":6},"end":{"line":92,"column":46}},"40":{"start":{"line":95,"column":23},"end":{"line":95,"column":64}},"41":{"start":{"line":96,"column":4},"end":{"line":98,"column":5}},"42":{"start":{"line":97,"column":6},"end":{"line":97,"column":50}},"43":{"start":{"line":101,"column":6},"end":{"line":101,"column":61}},"44":{"start":{"line":103,"column":23},"end":{"line":109,"column":5}},"45":{"start":{"line":110,"column":17},"end":{"line":110,"column":85}},"46":{"start":{"line":113,"column":4},"end":{"line":113,"column":56}},"47":{"start":{"line":114,"column":4},"end":{"line":118,"column":7}},"48":{"start":{"line":121,"column":4},"end":{"line":121,"column":75}},"49":{"start":{"line":137,"column":2},"end":{"line":155,"column":3}},"50":{"start":{"line":138,"column":4},"end":{"line":142,"column":7}},"51":{"start":{"line":144,"column":23},"end":{"line":147,"column":5}},"52":{"start":{"line":149,"column":4},"end":{"line":151,"column":75}},"53":{"start":{"line":154,"column":4},"end":{"line":154,"column":75}},"54":{"start":{"line":161,"column":2},"end":{"line":228,"column":3}},"55":{"start":{"line":162,"column":21},"end":{"line":219,"column":6}},"56":{"start":{"line":221,"column":3},"end":{"line":221,"column":84}},"57":{"start":{"line":226,"column":4},"end":{"line":226,"column":63}},"58":{"start":{"line":238,"column":6},"end":{"line":311,"column":7}},"59":{"start":{"line":239,"column":21},"end":{"line":239,"column":34}},"60":{"start":{"line":241,"column":26},"end":{"line":241,"column":96}},"61":{"start":{"line":243,"column":26},"end":{"line":243,"column":126}},"62":{"start":{"line":244,"column":26},"end":{"line":301,"column":12}},"63":{"start":{"line":304,"column":10},"end":{"line":304,"column":90}},"64":{"start":{"line":308,"column":8},"end":{"line":308,"column":72}},"65":{"start":{"line":324,"column":2},"end":{"line":328,"column":3}},"66":{"start":{"line":325,"column":4},"end":{"line":325,"column":91}},"67":{"start":{"line":327,"column":4},"end":{"line":327,"column":78}}},"fnMap":{"0":{"name":"(anonymous_0)","decl":{"start":{"line":6,"column":43},"end":{"line":6,"column":44}},"loc":{"start":{"line":6,"column":67},"end":{"line":22,"column":1}},"line":6},"1":{"name":"registrationHandler","decl":{"start":{"line":24,"column":15},"end":{"line":24,"column":34}},"loc":{"start":{"line":24,"column":45},"end":{"line":58,"column":1}},"line":24},"2":{"name":"(anonymous_2)","decl":{"start":{"line":30,"column":26},"end":{"line":30,"column":27}},"loc":{"start":{"line":30,"column":36},"end":{"line":34,"column":5}},"line":30},"3":{"name":"loginHandler","decl":{"start":{"line":60,"column":15},"end":{"line":60,"column":27}},"loc":{"start":{"line":60,"column":38},"end":{"line":123,"column":1}},"line":60},"4":{"name":"getRentCarhandler","decl":{"start":{"line":127,"column":9},"end":{"line":127,"column":26}},"loc":{"start":{"line":127,"column":37},"end":{"line":128,"column":1}},"line":127},"5":{"name":"uplodeRentCarhandler","decl":{"start":{"line":130,"column":9},"end":{"line":130,"column":29}},"loc":{"start":{"line":130,"column":40},"end":{"line":130,"column":43}},"line":130},"6":{"name":"logoutHandler","decl":{"start":{"line":134,"column":15},"end":{"line":134,"column":28}},"loc":{"start":{"line":134,"column":39},"end":{"line":156,"column":1}},"line":134},"7":{"name":"getAllUserBookings","decl":{"start":{"line":158,"column":15},"end":{"line":158,"column":33}},"loc":{"start":{"line":158,"column":44},"end":{"line":231,"column":1}},"line":158},"8":{"name":"cancelBooking","decl":{"start":{"line":234,"column":15},"end":{"line":234,"column":28}},"loc":{"start":{"line":234,"column":37},"end":{"line":317,"column":1}},"line":234},"9":{"name":"loginCheck","decl":{"start":{"line":321,"column":9},"end":{"line":321,"column":19}},"loc":{"start":{"line":321,"column":30},"end":{"line":329,"column":1}},"line":321}},"branchMap":{"0":{"loc":{"start":{"line":31,"column":6},"end":{"line":33,"column":7}},"type":"if","locations":[{"start":{"line":31,"column":6},"end":{"line":33,"column":7}},{"start":{},"end":{}}],"line":31},"1":{"loc":{"start":{"line":38,"column":4},"end":{"line":41,"column":5}},"type":"if","locations":[{"start":{"line":38,"column":4},"end":{"line":41,"column":5}},{"start":{},"end":{}}],"line":38},"2":{"loc":{"start":{"line":39,"column":16},"end":{"line":39,"column":94}},"type":"cond-expr","locations":[{"start":{"line":39,"column":43},"end":{"line":39,"column":63}},{"start":{"line":39,"column":66},"end":{"line":39,"column":94}}],"line":39},"3":{"loc":{"start":{"line":64,"column":4},"end":{"line":76,"column":5}},"type":"if","locations":[{"start":{"line":64,"column":4},"end":{"line":76,"column":5}},{"start":{},"end":{}}],"line":64},"4":{"loc":{"start":{"line":72,"column":6},"end":{"line":75,"column":7}},"type":"if","locations":[{"start":{"line":72,"column":6},"end":{"line":75,"column":7}},{"start":{},"end":{}}],"line":72},"5":{"loc":{"start":{"line":81,"column":4},"end":{"line":83,"column":5}},"type":"if","locations":[{"start":{"line":81,"column":4},"end":{"line":83,"column":5}},{"start":{},"end":{}}],"line":81},"6":{"loc":{"start":{"line":87,"column":4},"end":{"line":89,"column":5}},"type":"if","locations":[{"start":{"line":87,"column":4},"end":{"line":89,"column":5}},{"start":{},"end":{}}],"line":87},"7":{"loc":{"start":{"line":91,"column":4},"end":{"line":93,"column":5}},"type":"if","locations":[{"start":{"line":91,"column":4},"end":{"line":93,"column":5}},{"start":{},"end":{}}],"line":91},"8":{"loc":{"start":{"line":96,"column":4},"end":{"line":98,"column":5}},"type":"if","locations":[{"start":{"line":96,"column":4},"end":{"line":98,"column":5}},{"start":{},"end":{}}],"line":96},"9":{"loc":{"start":{"line":324,"column":2},"end":{"line":328,"column":3}},"type":"if","locations":[{"start":{"line":324,"column":2},"end":{"line":328,"column":3}},{"start":{"line":326,"column":9},"end":{"line":328,"column":3}}],"line":324}},"s":{"0":1,"1":0,"2":0,"3":0,"4":0,"5":0,"6":0,"7":0,"8":0,"9":0,"10":0,"11":0,"12":0,"13":0,"14":0,"15":0,"16":0,"17":0,"18":0,"19":0,"20":0,"21":0,"22":0,"23":0,"24":0,"25":0,"26":0,"27":0,"28":0,"29":0,"30":0,"31":0,"32":0,"33":0,"34":0,"35":0,"36":0,"37":0,"38":0,"39":0,"40":0,"41":0,"42":0,"43":0,"44":0,"45":0,"46":0,"47":0,"48":0,"49":0,"50":0,"51":0,"52":0,"53":0,"54":0,"55":0,"56":0,"57":0,"58":0,"59":0,"60":0,"61":0,"62":0,"63":0,"64":0,"65":0,"66":0,"67":0},"f":{"0":0,"1":0,"2":0,"3":0,"4":0,"5":0,"6":0,"7":0,"8":0,"9":0},"b":{"0":[0,0],"1":[0,0],"2":[0,0],"3":[0,0],"4":[0,0],"5":[0,0],"6":[0,0],"7":[0,0],"8":[0,0],"9":[0,0]},"_coverageSchema":"1a1c01bbd47fc00a2c39e90264f33305004495a9","hash":"7312ec69b608481897205565ad19841cbb5770d6"}
,"/home/inno/Desktop/carbooking/carBooking/carBooking/backendServer/db/db.js": {"path":"/home/inno/Desktop/carbooking/carBooking/carBooking/backendServer/db/db.js","statementMap":{"0":{"start":{"line":4,"column":0},"end":{"line":4,"column":14}},"1":{"start":{"line":9,"column":0},"end":{"line":15,"column":1}},"2":{"start":{"line":10,"column":23},"end":{"line":10,"column":91}},"3":{"start":{"line":13,"column":4},"end":{"line":13,"column":31}},"4":{"start":{"line":14,"column":4},"end":{"line":14,"column":20}}},"fnMap":{"0":{"name":"dbConnect","decl":{"start":{"line":7,"column":15},"end":{"line":7,"column":24}},"loc":{"start":{"line":7,"column":26},"end":{"line":18,"column":1}},"line":7}},"branchMap":{},"s":{"0":1,"1":1,"2":1,"3":0,"4":0},"f":{"0":1},"b":{},"_coverageSchema":"1a1c01bbd47fc00a2c39e90264f33305004495a9","hash":"72ae5b9303daac425aa0628b605fd52eb3966671"}
,"/home/inno/Desktop/carbooking/carBooking/carBooking/backendServer/middlewares/auth.js": {"path":"/home/inno/Desktop/carbooking/carBooking/carBooking/backendServer/middlewares/auth.js","statementMap":{"0":{"start":{"line":4,"column":4},"end":{"line":56,"column":5}},"1":{"start":{"line":5,"column":23},"end":{"line":5,"column":46}},"2":{"start":{"line":6,"column":30},"end":{"line":6,"column":46}},"3":{"start":{"line":7,"column":27},"end":{"line":10,"column":9}},"4":{"start":{"line":13,"column":8},"end":{"line":52,"column":9}},"5":{"start":{"line":14,"column":32},"end":{"line":14,"column":80}},"6":{"start":{"line":15,"column":12},"end":{"line":17,"column":13}},"7":{"start":{"line":16,"column":16},"end":{"line":16,"column":114}},"8":{"start":{"line":20,"column":30},"end":{"line":20,"column":44}},"9":{"start":{"line":22,"column":12},"end":{"line":39,"column":13}},"10":{"start":{"line":23,"column":34},"end":{"line":23,"column":59}},"11":{"start":{"line":24,"column":16},"end":{"line":38,"column":17}},"12":{"start":{"line":25,"column":20},"end":{"line":28,"column":21}},"13":{"start":{"line":26,"column":24},"end":{"line":26,"column":68}},"14":{"start":{"line":27,"column":24},"end":{"line":27,"column":106}},"15":{"start":{"line":29,"column":20},"end":{"line":32,"column":21}},"16":{"start":{"line":30,"column":24},"end":{"line":30,"column":106}},"17":{"start":{"line":34,"column":20},"end":{"line":37,"column":21}},"18":{"start":{"line":35,"column":24},"end":{"line":35,"column":106}},"19":{"start":{"line":42,"column":30},"end":{"line":42,"column":82}},"20":{"start":{"line":43,"column":12},"end":{"line":45,"column":13}},"21":{"start":{"line":44,"column":16},"end":{"line":44,"column":98}},"22":{"start":{"line":47,"column":12},"end":{"line":47,"column":33}},"23":{"start":{"line":48,"column":12},"end":{"line":48,"column":19}},"24":{"start":{"line":50,"column":12},"end":{"line":50,"column":98}},"25":{"start":{"line":54,"column":8},"end":{"line":54,"column":79}}},"fnMap":{"0":{"name":"auth","decl":{"start":{"line":3,"column":15},"end":{"line":3,"column":19}},"loc":{"start":{"line":3,"column":36},"end":{"line":59,"column":1}},"line":3}},"branchMap":{"0":{"loc":{"start":{"line":13,"column":8},"end":{"line":52,"column":9}},"type":"if","locations":[{"start":{"line":13,"column":8},"end":{"line":52,"column":9}},{"start":{"line":49,"column":15},"end":{"line":52,"column":9}}],"line":13},"1":{"loc":{"start":{"line":15,"column":12},"end":{"line":17,"column":13}},"type":"if","locations":[{"start":{"line":15,"column":12},"end":{"line":17,"column":13}},{"start":{},"end":{}}],"line":15},"2":{"loc":{"start":{"line":22,"column":12},"end":{"line":39,"column":13}},"type":"if","locations":[{"start":{"line":22,"column":12},"end":{"line":39,"column":13}},{"start":{},"end":{}}],"line":22},"3":{"loc":{"start":{"line":24,"column":16},"end":{"line":38,"column":17}},"type":"if","locations":[{"start":{"line":24,"column":16},"end":{"line":38,"column":17}},{"start":{},"end":{}}],"line":24},"4":{"loc":{"start":{"line":25,"column":20},"end":{"line":28,"column":21}},"type":"if","locations":[{"start":{"line":25,"column":20},"end":{"line":28,"column":21}},{"start":{},"end":{}}],"line":25},"5":{"loc":{"start":{"line":29,"column":20},"end":{"line":32,"column":21}},"type":"if","locations":[{"start":{"line":29,"column":20},"end":{"line":32,"column":21}},{"start":{},"end":{}}],"line":29},"6":{"loc":{"start":{"line":34,"column":20},"end":{"line":37,"column":21}},"type":"if","locations":[{"start":{"line":34,"column":20},"end":{"line":37,"column":21}},{"start":{},"end":{}}],"line":34},"7":{"loc":{"start":{"line":43,"column":12},"end":{"line":45,"column":13}},"type":"if","locations":[{"start":{"line":43,"column":12},"end":{"line":45,"column":13}},{"start":{},"end":{}}],"line":43}},"s":{"0":0,"1":0,"2":0,"3":0,"4":0,"5":0,"6":0,"7":0,"8":0,"9":0,"10":0,"11":0,"12":0,"13":0,"14":0,"15":0,"16":0,"17":0,"18":0,"19":0,"20":0,"21":0,"22":0,"23":0,"24":0,"25":0},"f":{"0":0},"b":{"0":[0,0],"1":[0,0],"2":[0,0],"3":[0,0],"4":[0,0],"5":[0,0],"6":[0,0],"7":[0,0]},"_coverageSchema":"1a1c01bbd47fc00a2c39e90264f33305004495a9","hash":"5b7c12b01851255567318fc022be1a525b607213"}
,"/home/inno/Desktop/carbooking/carBooking/carBooking/backendServer/middlewares/multer.js": {"path":"/home/inno/Desktop/carbooking/carBooking/carBooking/backendServer/middlewares/multer.js","statementMap":{"0":{"start":{"line":3,"column":16},"end":{"line":10,"column":4}},"1":{"start":{"line":5,"column":6},"end":{"line":5,"column":33}},"2":{"start":{"line":8,"column":6},"end":{"line":8,"column":33}},"3":{"start":{"line":12,"column":23},"end":{"line":12,"column":41}}},"fnMap":{"0":{"name":"(anonymous_0)","decl":{"start":{"line":4,"column":17},"end":{"line":4,"column":18}},"loc":{"start":{"line":4,"column":42},"end":{"line":6,"column":5}},"line":4},"1":{"name":"(anonymous_1)","decl":{"start":{"line":7,"column":14},"end":{"line":7,"column":15}},"loc":{"start":{"line":7,"column":39},"end":{"line":9,"column":5}},"line":7}},"branchMap":{},"s":{"0":1,"1":0,"2":0,"3":1},"f":{"0":0,"1":0},"b":{},"_coverageSchema":"1a1c01bbd47fc00a2c39e90264f33305004495a9","hash":"6416bc7b906e712094e64a3e6a883563ee82cb50"}
,"/home/inno/Desktop/carbooking/carBooking/carBooking/backendServer/routes/adminRoutes.js": {"path":"/home/inno/Desktop/carbooking/carBooking/carBooking/backendServer/routes/adminRoutes.js","statementMap":{"0":{"start":{"line":107,"column":20},"end":{"line":107,"column":28}},"1":{"start":{"line":110,"column":0},"end":{"line":110,"column":51}},"2":{"start":{"line":111,"column":0},"end":{"line":111,"column":51}},"3":{"start":{"line":112,"column":0},"end":{"line":112,"column":47}},"4":{"start":{"line":119,"column":0},"end":{"line":119,"column":44}},"5":{"start":{"line":120,"column":0},"end":{"line":120,"column":47}},"6":{"start":{"line":121,"column":0},"end":{"line":121,"column":53}},"7":{"start":{"line":122,"column":0},"end":{"line":122,"column":50}},"8":{"start":{"line":126,"column":0},"end":{"line":126,"column":55}},"9":{"start":{"line":127,"column":0},"end":{"line":127,"column":55}},"10":{"start":{"line":129,"column":0},"end":{"line":131,"column":73}},"11":{"start":{"line":137,"column":0},"end":{"line":137,"column":62}},"12":{"start":{"line":138,"column":0},"end":{"line":138,"column":62}},"13":{"start":{"line":142,"column":0},"end":{"line":142,"column":55}},"14":{"start":{"line":143,"column":0},"end":{"line":143,"column":63}},"15":{"start":{"line":144,"column":0},"end":{"line":144,"column":63}},"16":{"start":{"line":145,"column":0},"end":{"line":145,"column":60}},"17":{"start":{"line":148,"column":0},"end":{"line":148,"column":61}}},"fnMap":{},"branchMap":{},"s":{"0":1,"1":1,"2":1,"3":1,"4":1,"5":1,"6":1,"7":1,"8":1,"9":1,"10":1,"11":1,"12":1,"13":1,"14":1,"15":1,"16":1,"17":1},"f":{},"b":{},"_coverageSchema":"1a1c01bbd47fc00a2c39e90264f33305004495a9","hash":"25b759e0ccb55f186828b14bed6e81a8f1417c03"}
,"/home/inno/Desktop/carbooking/carBooking/carBooking/backendServer/routes/userRoutes.js": {"path":"/home/inno/Desktop/carbooking/carBooking/carBooking/backendServer/routes/userRoutes.js","statementMap":{"0":{"start":{"line":51,"column":20},"end":{"line":51,"column":28}},"1":{"start":{"line":55,"column":0},"end":{"line":55,"column":52}},"2":{"start":{"line":56,"column":0},"end":{"line":56,"column":50}},"3":{"start":{"line":57,"column":0},"end":{"line":57,"column":50}},"4":{"start":{"line":58,"column":0},"end":{"line":58,"column":46}},"5":{"start":{"line":59,"column":0},"end":{"line":59,"column":54}},"6":{"start":{"line":60,"column":0},"end":{"line":60,"column":56}},"7":{"start":{"line":61,"column":0},"end":{"line":61,"column":57}},"8":{"start":{"line":64,"column":0},"end":{"line":64,"column":56}},"9":{"start":{"line":65,"column":0},"end":{"line":65,"column":46}},"10":{"start":{"line":66,"column":0},"end":{"line":66,"column":53}},"11":{"start":{"line":67,"column":0},"end":{"line":67,"column":56}},"12":{"start":{"line":68,"column":0},"end":{"line":68,"column":52}},"13":{"start":{"line":69,"column":0},"end":{"line":69,"column":65}},"14":{"start":{"line":70,"column":0},"end":{"line":70,"column":58}}},"fnMap":{},"branchMap":{},"s":{"0":1,"1":1,"2":1,"3":1,"4":1,"5":1,"6":1,"7":1,"8":1,"9":1,"10":1,"11":1,"12":1,"13":1,"14":1},"f":{},"b":{},"_coverageSchema":"1a1c01bbd47fc00a2c39e90264f33305004495a9","hash":"54ad76765efdc78080d6fc01aeef1c69fa613e47"}
,"/home/inno/Desktop/carbooking/carBooking/carBooking/backendServer/schema/brandsSchema.js": {"path":"/home/inno/Desktop/carbooking/carBooking/carBooking/backendServer/schema/brandsSchema.js","statementMap":{"0":{"start":{"line":3,"column":20},"end":{"line":12,"column":20}},"1":{"start":{"line":14,"column":21},"end":{"line":14,"column":56}}},"fnMap":{},"branchMap":{},"s":{"0":1,"1":1},"f":{},"b":{},"_coverageSchema":"1a1c01bbd47fc00a2c39e90264f33305004495a9","hash":"ee032070cf93aa70e815f9bbf3ec873d55a6bd54"}
,"/home/inno/Desktop/carbooking/carBooking/carBooking/backendServer/schema/carSchema.js": {"path":"/home/inno/Desktop/carbooking/carBooking/carBooking/backendServer/schema/carSchema.js","statementMap":{"0":{"start":{"line":5,"column":18},"end":{"line":45,"column":2}},"1":{"start":{"line":48,"column":0},"end":{"line":48,"column":43}},"2":{"start":{"line":49,"column":19},"end":{"line":49,"column":51}}},"fnMap":{},"branchMap":{},"s":{"0":1,"1":1,"2":1},"f":{},"b":{},"_coverageSchema":"1a1c01bbd47fc00a2c39e90264f33305004495a9","hash":"d2052929973b811e205cb5d177aacb68ac3c316a"}
,"/home/inno/Desktop/carbooking/carBooking/carBooking/backendServer/schema/messageSchema.js": {"path":"/home/inno/Desktop/carbooking/carBooking/carBooking/backendServer/schema/messageSchema.js","statementMap":{"0":{"start":{"line":4,"column":22},"end":{"line":48,"column":2}},"1":{"start":{"line":50,"column":0},"end":{"line":50,"column":47}},"2":{"start":{"line":53,"column":19},"end":{"line":53,"column":54}}},"fnMap":{},"branchMap":{},"s":{"0":1,"1":1,"2":1},"f":{},"b":{},"_coverageSchema":"1a1c01bbd47fc00a2c39e90264f33305004495a9","hash":"de87538f707592942ef509eefdd24bf2c2145298"}
,"/home/inno/Desktop/carbooking/carBooking/carBooking/backendServer/schema/modelSchema.js": {"path":"/home/inno/Desktop/carbooking/carBooking/carBooking/backendServer/schema/modelSchema.js","statementMap":{"0":{"start":{"line":4,"column":20},"end":{"line":20,"column":1}},"1":{"start":{"line":23,"column":0},"end":{"line":23,"column":45}},"2":{"start":{"line":24,"column":21},"end":{"line":24,"column":57}}},"fnMap":{},"branchMap":{},"s":{"0":1,"1":1,"2":1},"f":{},"b":{},"_coverageSchema":"1a1c01bbd47fc00a2c39e90264f33305004495a9","hash":"63629e6fd003a0672fea8f529138fea59b0bc4d3"}
,"/home/inno/Desktop/carbooking/carBooking/carBooking/backendServer/schema/userSchema.js": {"path":"/home/inno/Desktop/carbooking/carBooking/carBooking/backendServer/schema/userSchema.js","statementMap":{"0":{"start":{"line":7,"column":19},"end":{"line":43,"column":2}},"1":{"start":{"line":45,"column":0},"end":{"line":50,"column":2}},"2":{"start":{"line":46,"column":2},"end":{"line":48,"column":3}},"3":{"start":{"line":47,"column":4},"end":{"line":47,"column":57}},"4":{"start":{"line":49,"column":2},"end":{"line":49,"column":9}},"5":{"start":{"line":53,"column":0},"end":{"line":56,"column":2}},"6":{"start":{"line":54,"column":16},"end":{"line":54,"column":35}},"7":{"start":{"line":55,"column":2},"end":{"line":55,"column":53}},"8":{"start":{"line":60,"column":0},"end":{"line":76,"column":2}},"9":{"start":{"line":61,"column":2},"end":{"line":75,"column":4}},"10":{"start":{"line":78,"column":0},"end":{"line":86,"column":2}},"11":{"start":{"line":79,"column":2},"end":{"line":85,"column":4}},"12":{"start":{"line":90,"column":0},"end":{"line":90,"column":44}},"13":{"start":{"line":92,"column":20},"end":{"line":92,"column":54}}},"fnMap":{"0":{"name":"(anonymous_0)","decl":{"start":{"line":45,"column":23},"end":{"line":45,"column":24}},"loc":{"start":{"line":45,"column":45},"end":{"line":50,"column":1}},"line":45},"1":{"name":"(anonymous_1)","decl":{"start":{"line":53,"column":37},"end":{"line":53,"column":38}},"loc":{"start":{"line":53,"column":63},"end":{"line":56,"column":1}},"line":53},"2":{"name":"(anonymous_2)","decl":{"start":{"line":60,"column":41},"end":{"line":60,"column":42}},"loc":{"start":{"line":60,"column":53},"end":{"line":76,"column":1}},"line":60},"3":{"name":"(anonymous_3)","decl":{"start":{"line":78,"column":42},"end":{"line":78,"column":43}},"loc":{"start":{"line":78,"column":54},"end":{"line":86,"column":1}},"line":78}},"branchMap":{"0":{"loc":{"start":{"line":46,"column":2},"end":{"line":48,"column":3}},"type":"if","locations":[{"start":{"line":46,"column":2},"end":{"line":48,"column":3}},{"start":{},"end":{}}],"line":46}},"s":{"0":1,"1":1,"2":0,"3":0,"4":0,"5":1,"6":0,"7":0,"8":1,"9":0,"10":1,"11":0,"12":1,"13":1},"f":{"0":0,"1":0,"2":0,"3":0},"b":{"0":[0,0]},"_coverageSchema":"1a1c01bbd47fc00a2c39e90264f33305004495a9","hash":"0036096b9b1a8e4f84e6059339f68684cb5077f0"}
,"/home/inno/Desktop/carbooking/carBooking/carBooking/backendServer/utils/cloudnary.js": {"path":"/home/inno/Desktop/carbooking/carBooking/carBooking/backendServer/utils/cloudnary.js","statementMap":{"0":{"start":{"line":6,"column":0},"end":{"line":6,"column":16}},"1":{"start":{"line":8,"column":0},"end":{"line":12,"column":3}},"2":{"start":{"line":14,"column":19},"end":{"line":28,"column":1}},"3":{"start":{"line":16,"column":2},"end":{"line":27,"column":3}},"4":{"start":{"line":17,"column":4},"end":{"line":17,"column":36}},"5":{"start":{"line":17,"column":24},"end":{"line":17,"column":36}},"6":{"start":{"line":18,"column":21},"end":{"line":20,"column":6}},"7":{"start":{"line":22,"column":4},"end":{"line":22,"column":33}},"8":{"start":{"line":23,"column":4},"end":{"line":23,"column":20}},"9":{"start":{"line":25,"column":4},"end":{"line":25,"column":33}},"10":{"start":{"line":26,"column":4},"end":{"line":26,"column":16}},"11":{"start":{"line":30,"column":19},"end":{"line":43,"column":1}},"12":{"start":{"line":31,"column":2},"end":{"line":42,"column":3}},"13":{"start":{"line":32,"column":4},"end":{"line":39,"column":5}},"14":{"start":{"line":34,"column":36},"end":{"line":34,"column":66}},"15":{"start":{"line":36,"column":8},"end":{"line":36,"column":77}},"16":{"start":{"line":37,"column":25},"end":{"line":37,"column":89}},"17":{"start":{"line":38,"column":6},"end":{"line":38,"column":42}},"18":{"start":{"line":41,"column":4},"end":{"line":41,"column":23}}},"fnMap":{"0":{"name":"(anonymous_0)","decl":{"start":{"line":14,"column":19},"end":{"line":14,"column":20}},"loc":{"start":{"line":14,"column":44},"end":{"line":28,"column":1}},"line":14},"1":{"name":"(anonymous_1)","decl":{"start":{"line":30,"column":19},"end":{"line":30,"column":20}},"loc":{"start":{"line":30,"column":55},"end":{"line":43,"column":1}},"line":30}},"branchMap":{"0":{"loc":{"start":{"line":17,"column":4},"end":{"line":17,"column":36}},"type":"if","locations":[{"start":{"line":17,"column":4},"end":{"line":17,"column":36}},{"start":{},"end":{}}],"line":17},"1":{"loc":{"start":{"line":32,"column":4},"end":{"line":39,"column":5}},"type":"if","locations":[{"start":{"line":32,"column":4},"end":{"line":39,"column":5}},{"start":{},"end":{}}],"line":32}},"s":{"0":1,"1":1,"2":1,"3":0,"4":0,"5":0,"6":0,"7":0,"8":0,"9":0,"10":0,"11":1,"12":0,"13":0,"14":0,"15":0,"16":0,"17":0,"18":0},"f":{"0":0,"1":0},"b":{"0":[0,0],"1":[0,0]},"_coverageSchema":"1a1c01bbd47fc00a2c39e90264f33305004495a9","hash":"f8941529bc3cd1184c9f29c7347360e6e4a9b95f"}
}
