TN:
SF:index.js
FN:33,(anonymous_0)
FNF:1
FNH:1
FNDA:1,(anonymous_0)
DA:10,1
DA:11,1
DA:15,1
DA:16,1
DA:17,1
DA:24,1
DA:25,1
DA:26,1
DA:27,1
DA:28,1
DA:29,1
DA:33,1
DA:34,1
LF:13
LH:13
BRDA:16,0,0,1
BRDA:16,0,1,0
BRF:2
BRH:1
end_of_record
TN:
SF:controllers/adminHandle.js
FN:10,addBrandHandler
FN:30,addModelhandler
FN:76,addCarHandler
FN:110,(anonymous_3)
FN:122,updateBrandHandler
FN:158,updateModelHandler
FN:213,updateBookingCarHandler
FN:322,deleteCarHandler
FN:330,(anonymous_8)
FN:373,getAllBrands
FN:383,getAllModels
FN:441,getuplodedCars
FN:578,fetchAllUsers
FN:589,fetchSingleUser
FN:602,deleteModelHandler
FN:621,deleteBrandHandler
FN:640,deleteMsgsHandler
FN:701,getSingleCars
FN:714,getMsgs
FNF:19
FNH:11
FNDA:4,addBrandHandler
FNDA:5,addModelhandler
FNDA:0,addCarHandler
FNDA:0,(anonymous_3)
FNDA:4,updateBrandHandler
FNDA:5,updateModelHandler
FNDA:0,updateBookingCarHandler
FNDA:0,deleteCarHandler
FNDA:0,(anonymous_8)
FNDA:1,getAllBrands
FNDA:1,getAllModels
FNDA:1,getuplodedCars
FNDA:0,fetchAllUsers
FNDA:0,fetchSingleUser
FNDA:2,deleteModelHandler
FNDA:2,deleteBrandHandler
FNDA:0,deleteMsgsHandler
FNDA:1,getSingleCars
FNDA:1,getMsgs
DA:11,4
DA:12,4
DA:13,4
DA:15,2
DA:17,2
DA:18,2
DA:20,1
DA:21,1
DA:23,1
DA:27,3
DA:31,5
DA:32,5
DA:34,5
DA:36,5
DA:37,4
DA:39,2
DA:41,2
DA:42,2
DA:47,2
DA:48,1
DA:51,1
DA:69,1
DA:73,4
DA:77,0
DA:78,0
DA:79,0
DA:81,0
DA:83,0
DA:84,0
DA:85,0
DA:86,0
DA:87,0
DA:89,0
DA:90,0
DA:93,0
DA:101,0
DA:102,0
DA:103,0
DA:109,0
DA:111,0
DA:112,0
DA:114,0
DA:118,0
DA:123,4
DA:124,4
DA:125,4
DA:127,4
DA:130,4
DA:132,3
DA:133,3
DA:135,2
DA:136,2
DA:138,1
DA:140,1
DA:142,1
DA:150,3
DA:152,3
DA:159,5
DA:160,5
DA:161,5
DA:162,5
DA:164,5
DA:165,4
DA:167,3
DA:169,3
DA:171,2
DA:172,2
DA:176,1
DA:177,1
DA:178,0
DA:179,0
DA:180,0
DA:181,0
DA:185,1
DA:187,1
DA:205,1
DA:209,4
DA:214,0
DA:215,0
DA:216,0
DA:218,0
DA:219,0
DA:220,0
DA:221,0
DA:222,0
DA:223,0
DA:224,0
DA:225,0
DA:227,0
DA:229,0
DA:239,0
DA:241,0
DA:266,0
DA:309,0
DA:310,0
DA:311,0
DA:312,0
DA:318,0
DA:323,0
DA:324,0
DA:325,0
DA:327,0
DA:329,0
DA:331,0
DA:332,0
DA:334,0
DA:339,0
DA:340,0
DA:365,0
DA:369,0
DA:374,1
DA:375,1
DA:376,1
DA:380,0
DA:384,1
DA:386,1
DA:387,1
DA:389,1
DA:390,0
DA:392,0
DA:415,1
DA:434,1
DA:438,0
DA:442,1
DA:443,1
DA:445,1
DA:447,1
DA:448,0
DA:480,1
DA:481,0
DA:510,1
DA:511,0
DA:547,1
DA:573,1
DA:575,0
DA:579,0
DA:580,0
DA:581,0
DA:585,0
DA:590,0
DA:591,0
DA:592,0
DA:593,0
DA:594,0
DA:596,0
DA:598,0
DA:603,2
DA:604,2
DA:605,2
DA:607,2
DA:609,1
DA:611,1
DA:617,1
DA:622,2
DA:623,2
DA:624,2
DA:626,2
DA:628,1
DA:630,1
DA:636,1
DA:641,0
DA:642,0
DA:643,0
DA:645,0
DA:647,0
DA:693,0
DA:697,0
DA:702,1
DA:703,1
DA:704,1
DA:705,1
DA:706,1
DA:708,0
DA:710,1
DA:715,1
DA:716,1
DA:762,1
DA:763,0
DA:765,1
DA:767,0
LF:180
LH:94
BRDA:13,0,0,2
BRDA:13,0,1,2
BRDA:18,1,0,1
BRDA:18,1,1,1
BRDA:36,2,0,1
BRDA:36,2,1,4
BRDA:37,3,0,2
BRDA:37,3,1,2
BRDA:47,4,0,1
BRDA:47,4,1,1
BRDA:83,5,0,0
BRDA:83,5,1,0
BRDA:84,6,0,0
BRDA:84,6,1,0
BRDA:85,7,0,0
BRDA:85,7,1,0
BRDA:86,8,0,0
BRDA:86,8,1,0
BRDA:87,9,0,0
BRDA:87,9,1,0
BRDA:98,10,0,0
BRDA:98,10,1,0
BRDA:101,11,0,0
BRDA:101,11,1,0
BRDA:130,12,0,1
BRDA:130,12,1,3
BRDA:133,13,0,1
BRDA:133,13,1,2
BRDA:136,14,0,1
BRDA:136,14,1,1
BRDA:164,15,0,1
BRDA:164,15,1,4
BRDA:165,16,0,1
BRDA:165,16,1,3
BRDA:169,17,0,1
BRDA:169,17,1,2
BRDA:172,18,0,1
BRDA:172,18,1,1
BRDA:176,19,0,1
BRDA:176,19,1,0
BRDA:176,20,0,1
BRDA:176,20,1,1
BRDA:178,21,0,0
BRDA:178,21,1,0
BRDA:180,22,0,0
BRDA:180,22,1,0
BRDA:218,23,0,0
BRDA:218,23,1,0
BRDA:219,24,0,0
BRDA:219,24,1,0
BRDA:220,25,0,0
BRDA:220,25,1,0
BRDA:221,26,0,0
BRDA:221,26,1,0
BRDA:239,27,0,0
BRDA:239,27,1,0
BRDA:327,28,0,0
BRDA:327,28,1,0
BRDA:389,29,0,0
BRDA:389,29,1,1
BRDA:447,30,0,0
BRDA:447,30,1,1
BRDA:447,31,0,1
BRDA:447,31,1,0
BRDA:480,32,0,0
BRDA:480,32,1,1
BRDA:510,33,0,0
BRDA:510,33,1,1
BRDA:593,34,0,0
BRDA:593,34,1,0
BRDA:607,35,0,1
BRDA:607,35,1,1
BRDA:626,36,0,1
BRDA:626,36,1,1
BRDA:645,37,0,0
BRDA:645,37,1,0
BRDA:705,38,0,1
BRDA:705,38,1,0
BRDA:762,39,0,0
BRDA:762,39,1,1
BRF:80
BRH:38
end_of_record
TN:
SF:controllers/userhandlers.js
FN:6,(anonymous_0)
FN:24,registrationHandler
FN:30,(anonymous_2)
FN:60,loginHandler
FN:127,getRentCarhandler
FN:130,uplodeRentCarhandler
FN:134,logoutHandler
FN:158,getAllUserBookings
FN:234,cancelBooking
FN:321,loginCheck
FNF:10
FNH:0
FNDA:0,(anonymous_0)
FNDA:0,registrationHandler
FNDA:0,(anonymous_2)
FNDA:0,loginHandler
FNDA:0,getRentCarhandler
FNDA:0,uplodeRentCarhandler
FNDA:0,logoutHandler
FNDA:0,getAllUserBookings
FNDA:0,cancelBooking
FNDA:0,loginCheck
DA:6,1
DA:7,0
DA:8,0
DA:10,0
DA:11,0
DA:13,0
DA:15,0
DA:17,0
DA:18,0
DA:20,0
DA:25,0
DA:26,0
DA:28,0
DA:30,0
DA:31,0
DA:32,0
DA:36,0
DA:38,0
DA:39,0
DA:40,0
DA:43,0
DA:50,0
DA:54,0
DA:56,0
DA:62,0
DA:63,0
DA:64,0
DA:65,0
DA:69,0
DA:70,0
DA:72,0
DA:74,0
DA:78,0
DA:81,0
DA:82,0
DA:85,0
DA:87,0
DA:88,0
DA:91,0
DA:92,0
DA:95,0
DA:96,0
DA:97,0
DA:101,0
DA:103,0
DA:110,0
DA:113,0
DA:114,0
DA:121,0
DA:137,0
DA:138,0
DA:144,0
DA:149,0
DA:154,0
DA:161,0
DA:162,0
DA:221,0
DA:226,0
DA:238,0
DA:239,0
DA:241,0
DA:243,0
DA:244,0
DA:304,0
DA:308,0
DA:324,0
DA:325,0
DA:327,0
LF:68
LH:1
BRDA:31,0,0,0
BRDA:31,0,1,0
BRDA:38,1,0,0
BRDA:38,1,1,0
BRDA:39,2,0,0
BRDA:39,2,1,0
BRDA:64,3,0,0
BRDA:64,3,1,0
BRDA:72,4,0,0
BRDA:72,4,1,0
BRDA:81,5,0,0
BRDA:81,5,1,0
BRDA:87,6,0,0
BRDA:87,6,1,0
BRDA:91,7,0,0
BRDA:91,7,1,0
BRDA:96,8,0,0
BRDA:96,8,1,0
BRDA:324,9,0,0
BRDA:324,9,1,0
BRF:20
BRH:0
end_of_record
TN:
SF:db/db.js
FN:7,dbConnect
FNF:1
FNH:1
FNDA:1,dbConnect
DA:4,1
DA:9,1
DA:10,1
DA:13,0
DA:14,0
LF:5
LH:3
BRF:0
BRH:0
end_of_record
TN:
SF:middlewares/auth.js
FN:3,auth
FNF:1
FNH:0
FNDA:0,auth
DA:4,0
DA:5,0
DA:6,0
DA:7,0
DA:13,0
DA:14,0
DA:15,0
DA:16,0
DA:20,0
DA:22,0
DA:23,0
DA:24,0
DA:25,0
DA:26,0
DA:27,0
DA:29,0
DA:30,0
DA:34,0
DA:35,0
DA:42,0
DA:43,0
DA:44,0
DA:47,0
DA:48,0
DA:50,0
DA:54,0
LF:26
LH:0
BRDA:13,0,0,0
BRDA:13,0,1,0
BRDA:15,1,0,0
BRDA:15,1,1,0
BRDA:22,2,0,0
BRDA:22,2,1,0
BRDA:24,3,0,0
BRDA:24,3,1,0
BRDA:25,4,0,0
BRDA:25,4,1,0
BRDA:29,5,0,0
BRDA:29,5,1,0
BRDA:34,6,0,0
BRDA:34,6,1,0
BRDA:43,7,0,0
BRDA:43,7,1,0
BRF:16
BRH:0
end_of_record
TN:
SF:middlewares/multer.js
FN:4,(anonymous_0)
FN:7,(anonymous_1)
FNF:2
FNH:0
FNDA:0,(anonymous_0)
FNDA:0,(anonymous_1)
DA:3,1
DA:5,0
DA:8,0
DA:12,1
LF:4
LH:2
BRF:0
BRH:0
end_of_record
TN:
SF:routes/adminRoutes.js
FNF:0
FNH:0
DA:107,1
DA:110,1
DA:111,1
DA:112,1
DA:119,1
DA:120,1
DA:121,1
DA:122,1
DA:126,1
DA:127,1
DA:129,1
DA:137,1
DA:138,1
DA:142,1
DA:143,1
DA:144,1
DA:145,1
DA:148,1
LF:18
LH:18
BRF:0
BRH:0
end_of_record
TN:
SF:routes/userRoutes.js
FNF:0
FNH:0
DA:51,1
DA:55,1
DA:56,1
DA:57,1
DA:58,1
DA:59,1
DA:60,1
DA:61,1
DA:64,1
DA:65,1
DA:66,1
DA:67,1
DA:68,1
DA:69,1
DA:70,1
LF:15
LH:15
BRF:0
BRH:0
end_of_record
TN:
SF:schema/brandsSchema.js
FNF:0
FNH:0
DA:3,1
DA:14,1
LF:2
LH:2
BRF:0
BRH:0
end_of_record
TN:
SF:schema/carSchema.js
FNF:0
FNH:0
DA:5,1
DA:48,1
DA:49,1
LF:3
LH:3
BRF:0
BRH:0
end_of_record
TN:
SF:schema/messageSchema.js
FNF:0
FNH:0
DA:4,1
DA:50,1
DA:53,1
LF:3
LH:3
BRF:0
BRH:0
end_of_record
TN:
SF:schema/modelSchema.js
FNF:0
FNH:0
DA:4,1
DA:23,1
DA:24,1
LF:3
LH:3
BRF:0
BRH:0
end_of_record
TN:
SF:schema/userSchema.js
FN:45,(anonymous_0)
FN:53,(anonymous_1)
FN:60,(anonymous_2)
FN:78,(anonymous_3)
FNF:4
FNH:0
FNDA:0,(anonymous_0)
FNDA:0,(anonymous_1)
FNDA:0,(anonymous_2)
FNDA:0,(anonymous_3)
DA:7,1
DA:45,1
DA:46,0
DA:47,0
DA:49,0
DA:53,1
DA:54,0
DA:55,0
DA:60,1
DA:61,0
DA:78,1
DA:79,0
DA:90,1
DA:92,1
LF:14
LH:7
BRDA:46,0,0,0
BRDA:46,0,1,0
BRF:2
BRH:0
end_of_record
TN:
SF:utils/cloudnary.js
FN:14,(anonymous_0)
FN:30,(anonymous_1)
FNF:2
FNH:0
FNDA:0,(anonymous_0)
FNDA:0,(anonymous_1)
DA:6,1
DA:8,1
DA:14,1
DA:16,0
DA:17,0
DA:18,0
DA:22,0
DA:23,0
DA:25,0
DA:26,0
DA:30,1
DA:31,0
DA:32,0
DA:34,0
DA:36,0
DA:37,0
DA:38,0
DA:41,0
LF:18
LH:4
BRDA:17,0,0,0
BRDA:17,0,1,0
BRDA:32,1,0,0
BRDA:32,1,1,0
BRF:4
BRH:0
end_of_record
